{"/home/ichsan/Code/FinalProject/smart-tracking/server/app.js": {"path":"/home/ichsan/Code/FinalProject/smart-tracking/server/app.js","statementMap":{"0":{"start":{"line":1,"column":0},"end":{"line":1,"column":26}},"1":{"start":{"line":2,"column":16},"end":{"line":2,"column":34}},"2":{"start":{"line":3,"column":12},"end":{"line":3,"column":21}},"3":{"start":{"line":4,"column":13},"end":{"line":4,"column":28}},"4":{"start":{"line":5,"column":15},"end":{"line":5,"column":34}},"5":{"start":{"line":6,"column":22},"end":{"line":6,"column":60}},"6":{"start":{"line":9,"column":0},"end":{"line":9,"column":15}},"7":{"start":{"line":10,"column":0},"end":{"line":10,"column":23}},"8":{"start":{"line":11,"column":0},"end":{"line":11,"column":47}},"9":{"start":{"line":12,"column":0},"end":{"line":12,"column":20}},"10":{"start":{"line":13,"column":0},"end":{"line":13,"column":22}},"11":{"start":{"line":22,"column":0},"end":{"line":22,"column":20}}},"fnMap":{},"branchMap":{},"s":{"0":2,"1":2,"2":2,"3":2,"4":2,"5":2,"6":2,"7":2,"8":2,"9":2,"10":2,"11":2},"f":{},"b":{},"_coverageSchema":"1a1c01bbd47fc00a2c39e90264f33305004495a9","hash":"623d3dc79951e9150dfd3d8c8bea4a8e85cb9242"}
,"/home/ichsan/Code/FinalProject/smart-tracking/server/controllers/BuzzerConroller.js": {"path":"/home/ichsan/Code/FinalProject/smart-tracking/server/controllers/BuzzerConroller.js","statementMap":{"0":{"start":{"line":1,"column":27},"end":{"line":1,"column":47}},"1":{"start":{"line":5,"column":29},"end":{"line":5,"column":39}},"2":{"start":{"line":7,"column":24},"end":{"line":10,"column":9}},"3":{"start":{"line":12,"column":8},"end":{"line":22,"column":14}},"4":{"start":{"line":14,"column":16},"end":{"line":14,"column":44}},"5":{"start":{"line":17,"column":16},"end":{"line":21,"column":17}},"6":{"start":{"line":18,"column":20},"end":{"line":18,"column":56}},"7":{"start":{"line":20,"column":20},"end":{"line":20,"column":63}},"8":{"start":{"line":27,"column":29},"end":{"line":27,"column":39}},"9":{"start":{"line":29,"column":24},"end":{"line":32,"column":9}},"10":{"start":{"line":34,"column":8},"end":{"line":44,"column":14}},"11":{"start":{"line":36,"column":16},"end":{"line":36,"column":44}},"12":{"start":{"line":39,"column":16},"end":{"line":43,"column":17}},"13":{"start":{"line":40,"column":20},"end":{"line":40,"column":56}},"14":{"start":{"line":42,"column":20},"end":{"line":42,"column":63}},"15":{"start":{"line":49,"column":29},"end":{"line":49,"column":39}},"16":{"start":{"line":51,"column":8},"end":{"line":69,"column":14}},"17":{"start":{"line":60,"column":16},"end":{"line":65,"column":17}},"18":{"start":{"line":61,"column":20},"end":{"line":61,"column":58}},"19":{"start":{"line":63,"column":33},"end":{"line":63,"column":63}},"20":{"start":{"line":64,"column":20},"end":{"line":64,"column":46}},"21":{"start":{"line":68,"column":16},"end":{"line":68,"column":25}},"22":{"start":{"line":73,"column":0},"end":{"line":73,"column":33}}},"fnMap":{"0":{"name":"(anonymous_0)","decl":{"start":{"line":4,"column":4},"end":{"line":4,"column":5}},"loc":{"start":{"line":4,"column":34},"end":{"line":23,"column":5}},"line":4},"1":{"name":"(anonymous_1)","decl":{"start":{"line":13,"column":18},"end":{"line":13,"column":19}},"loc":{"start":{"line":13,"column":28},"end":{"line":15,"column":13}},"line":13},"2":{"name":"(anonymous_2)","decl":{"start":{"line":16,"column":19},"end":{"line":16,"column":20}},"loc":{"start":{"line":16,"column":28},"end":{"line":22,"column":13}},"line":16},"3":{"name":"(anonymous_3)","decl":{"start":{"line":25,"column":4},"end":{"line":25,"column":5}},"loc":{"start":{"line":25,"column":35},"end":{"line":45,"column":5}},"line":25},"4":{"name":"(anonymous_4)","decl":{"start":{"line":35,"column":18},"end":{"line":35,"column":19}},"loc":{"start":{"line":35,"column":28},"end":{"line":37,"column":13}},"line":35},"5":{"name":"(anonymous_5)","decl":{"start":{"line":38,"column":19},"end":{"line":38,"column":20}},"loc":{"start":{"line":38,"column":28},"end":{"line":44,"column":13}},"line":38},"6":{"name":"(anonymous_6)","decl":{"start":{"line":48,"column":4},"end":{"line":48,"column":5}},"loc":{"start":{"line":48,"column":38},"end":{"line":70,"column":5}},"line":48},"7":{"name":"(anonymous_7)","decl":{"start":{"line":59,"column":18},"end":{"line":59,"column":19}},"loc":{"start":{"line":59,"column":26},"end":{"line":66,"column":13}},"line":59},"8":{"name":"(anonymous_8)","decl":{"start":{"line":67,"column":19},"end":{"line":67,"column":20}},"loc":{"start":{"line":67,"column":28},"end":{"line":69,"column":13}},"line":67}},"branchMap":{"0":{"loc":{"start":{"line":17,"column":16},"end":{"line":21,"column":17}},"type":"if","locations":[{"start":{"line":17,"column":16},"end":{"line":21,"column":17}},{"start":{"line":17,"column":16},"end":{"line":21,"column":17}}],"line":17},"1":{"loc":{"start":{"line":39,"column":16},"end":{"line":43,"column":17}},"type":"if","locations":[{"start":{"line":39,"column":16},"end":{"line":43,"column":17}},{"start":{"line":39,"column":16},"end":{"line":43,"column":17}}],"line":39},"2":{"loc":{"start":{"line":60,"column":16},"end":{"line":65,"column":17}},"type":"if","locations":[{"start":{"line":60,"column":16},"end":{"line":65,"column":17}},{"start":{"line":60,"column":16},"end":{"line":65,"column":17}}],"line":60}},"s":{"0":2,"1":2,"2":2,"3":2,"4":1,"5":1,"6":1,"7":0,"8":2,"9":2,"10":2,"11":1,"12":1,"13":1,"14":0,"15":2,"16":2,"17":2,"18":1,"19":1,"20":1,"21":1,"22":2},"f":{"0":2,"1":1,"2":1,"3":2,"4":1,"5":1,"6":2,"7":2,"8":1},"b":{"0":[1,0],"1":[1,0],"2":[1,1]},"_coverageSchema":"1a1c01bbd47fc00a2c39e90264f33305004495a9","hash":"f0b4a9c987361f69ecefafa8b508d8c17003a78a"}
,"/home/ichsan/Code/FinalProject/smart-tracking/server/controllers/ConnectionController.js": {"path":"/home/ichsan/Code/FinalProject/smart-tracking/server/controllers/ConnectionController.js","statementMap":{"0":{"start":{"line":1,"column":31},"end":{"line":1,"column":51}},"1":{"start":{"line":2,"column":15},"end":{"line":2,"column":35}},"2":{"start":{"line":6,"column":33},"end":{"line":6,"column":41}},"3":{"start":{"line":7,"column":23},"end":{"line":7,"column":31}},"4":{"start":{"line":10,"column":8},"end":{"line":48,"column":14}},"5":{"start":{"line":12,"column":16},"end":{"line":22,"column":17}},"6":{"start":{"line":13,"column":42},"end":{"line":13,"column":57}},"7":{"start":{"line":14,"column":20},"end":{"line":14,"column":40}},"8":{"start":{"line":15,"column":20},"end":{"line":19,"column":22}},"9":{"start":{"line":21,"column":20},"end":{"line":21,"column":57}},"10":{"start":{"line":25,"column":16},"end":{"line":33,"column":17}},"11":{"start":{"line":26,"column":20},"end":{"line":30,"column":21}},"12":{"start":{"line":27,"column":24},"end":{"line":27,"column":61}},"13":{"start":{"line":29,"column":24},"end":{"line":29,"column":61}},"14":{"start":{"line":32,"column":20},"end":{"line":32,"column":80}},"15":{"start":{"line":36,"column":16},"end":{"line":44,"column":17}},"16":{"start":{"line":37,"column":20},"end":{"line":37,"column":56}},"17":{"start":{"line":39,"column":23},"end":{"line":44,"column":17}},"18":{"start":{"line":40,"column":20},"end":{"line":40,"column":56}},"19":{"start":{"line":43,"column":20},"end":{"line":43,"column":46}},"20":{"start":{"line":47,"column":16},"end":{"line":47,"column":59}},"21":{"start":{"line":52,"column":0},"end":{"line":52,"column":37}}},"fnMap":{"0":{"name":"(anonymous_0)","decl":{"start":{"line":5,"column":4},"end":{"line":5,"column":5}},"loc":{"start":{"line":5,"column":35},"end":{"line":49,"column":5}},"line":5},"1":{"name":"(anonymous_1)","decl":{"start":{"line":11,"column":18},"end":{"line":11,"column":19}},"loc":{"start":{"line":11,"column":26},"end":{"line":23,"column":13}},"line":11},"2":{"name":"(anonymous_2)","decl":{"start":{"line":24,"column":18},"end":{"line":24,"column":19}},"loc":{"start":{"line":24,"column":26},"end":{"line":34,"column":13}},"line":24},"3":{"name":"(anonymous_3)","decl":{"start":{"line":35,"column":18},"end":{"line":35,"column":19}},"loc":{"start":{"line":35,"column":26},"end":{"line":45,"column":13}},"line":35},"4":{"name":"(anonymous_4)","decl":{"start":{"line":46,"column":19},"end":{"line":46,"column":20}},"loc":{"start":{"line":46,"column":25},"end":{"line":48,"column":13}},"line":46}},"branchMap":{"0":{"loc":{"start":{"line":12,"column":16},"end":{"line":22,"column":17}},"type":"if","locations":[{"start":{"line":12,"column":16},"end":{"line":22,"column":17}},{"start":{"line":12,"column":16},"end":{"line":22,"column":17}}],"line":12},"1":{"loc":{"start":{"line":25,"column":16},"end":{"line":33,"column":17}},"type":"if","locations":[{"start":{"line":25,"column":16},"end":{"line":33,"column":17}},{"start":{"line":25,"column":16},"end":{"line":33,"column":17}}],"line":25},"2":{"loc":{"start":{"line":26,"column":20},"end":{"line":30,"column":21}},"type":"if","locations":[{"start":{"line":26,"column":20},"end":{"line":30,"column":21}},{"start":{"line":26,"column":20},"end":{"line":30,"column":21}}],"line":26},"3":{"loc":{"start":{"line":36,"column":16},"end":{"line":44,"column":17}},"type":"if","locations":[{"start":{"line":36,"column":16},"end":{"line":44,"column":17}},{"start":{"line":36,"column":16},"end":{"line":44,"column":17}}],"line":36},"4":{"loc":{"start":{"line":39,"column":23},"end":{"line":44,"column":17}},"type":"if","locations":[{"start":{"line":39,"column":23},"end":{"line":44,"column":17}},{"start":{"line":39,"column":23},"end":{"line":44,"column":17}}],"line":39}},"s":{"0":2,"1":2,"2":3,"3":3,"4":3,"5":3,"6":2,"7":2,"8":2,"9":1,"10":3,"11":2,"12":1,"13":1,"14":1,"15":3,"16":1,"17":2,"18":1,"19":1,"20":0,"21":2},"f":{"0":3,"1":3,"2":3,"3":3,"4":0},"b":{"0":[2,1],"1":[2,1],"2":[1,1],"3":[1,2],"4":[1,1]},"_coverageSchema":"1a1c01bbd47fc00a2c39e90264f33305004495a9","hash":"9fdb18e460a04081b1c2c4cf9c7c4c67668aa7c4"}
,"/home/ichsan/Code/FinalProject/smart-tracking/server/controllers/DeviceController.js": {"path":"/home/ichsan/Code/FinalProject/smart-tracking/server/controllers/DeviceController.js","statementMap":{"0":{"start":{"line":1,"column":39},"end":{"line":1,"column":59}},"1":{"start":{"line":6,"column":33},"end":{"line":6,"column":41}},"2":{"start":{"line":10,"column":8},"end":{"line":41,"column":14}},"3":{"start":{"line":12,"column":16},"end":{"line":12,"column":51}},"4":{"start":{"line":13,"column":16},"end":{"line":13,"column":43}},"5":{"start":{"line":14,"column":16},"end":{"line":14,"column":43}},"6":{"start":{"line":16,"column":32},"end":{"line":19,"column":17}},"7":{"start":{"line":20,"column":16},"end":{"line":20,"column":45}},"8":{"start":{"line":23,"column":40},"end":{"line":23,"column":55}},"9":{"start":{"line":24,"column":16},"end":{"line":24,"column":43}},"10":{"start":{"line":25,"column":16},"end":{"line":25,"column":43}},"11":{"start":{"line":27,"column":16},"end":{"line":27,"column":79}},"12":{"start":{"line":30,"column":16},"end":{"line":40,"column":17}},"13":{"start":{"line":31,"column":35},"end":{"line":33,"column":22}},"14":{"start":{"line":32,"column":24},"end":{"line":32,"column":41}},"15":{"start":{"line":35,"column":20},"end":{"line":35,"column":50}},"16":{"start":{"line":37,"column":20},"end":{"line":37,"column":75}},"17":{"start":{"line":39,"column":20},"end":{"line":39,"column":63}},"18":{"start":{"line":46,"column":23},"end":{"line":46,"column":31}},"19":{"start":{"line":48,"column":8},"end":{"line":57,"column":14}},"20":{"start":{"line":53,"column":16},"end":{"line":53,"column":45}},"21":{"start":{"line":56,"column":16},"end":{"line":56,"column":59}},"22":{"start":{"line":62,"column":0},"end":{"line":62,"column":33}}},"fnMap":{"0":{"name":"(anonymous_0)","decl":{"start":{"line":5,"column":4},"end":{"line":5,"column":5}},"loc":{"start":{"line":5,"column":37},"end":{"line":42,"column":5}},"line":5},"1":{"name":"(anonymous_1)","decl":{"start":{"line":11,"column":18},"end":{"line":11,"column":19}},"loc":{"start":{"line":11,"column":28},"end":{"line":21,"column":13}},"line":11},"2":{"name":"(anonymous_2)","decl":{"start":{"line":22,"column":18},"end":{"line":22,"column":19}},"loc":{"start":{"line":22,"column":26},"end":{"line":28,"column":13}},"line":22},"3":{"name":"(anonymous_3)","decl":{"start":{"line":29,"column":19},"end":{"line":29,"column":20}},"loc":{"start":{"line":29,"column":28},"end":{"line":41,"column":13}},"line":29},"4":{"name":"(anonymous_4)","decl":{"start":{"line":31,"column":50},"end":{"line":31,"column":51}},"loc":{"start":{"line":31,"column":56},"end":{"line":33,"column":21}},"line":31},"5":{"name":"(anonymous_5)","decl":{"start":{"line":44,"column":4},"end":{"line":44,"column":5}},"loc":{"start":{"line":44,"column":38},"end":{"line":58,"column":5}},"line":44},"6":{"name":"(anonymous_6)","decl":{"start":{"line":52,"column":18},"end":{"line":52,"column":19}},"loc":{"start":{"line":52,"column":29},"end":{"line":54,"column":13}},"line":52},"7":{"name":"(anonymous_7)","decl":{"start":{"line":55,"column":19},"end":{"line":55,"column":20}},"loc":{"start":{"line":55,"column":28},"end":{"line":57,"column":13}},"line":55}},"branchMap":{"0":{"loc":{"start":{"line":30,"column":16},"end":{"line":40,"column":17}},"type":"if","locations":[{"start":{"line":30,"column":16},"end":{"line":40,"column":17}},{"start":{"line":30,"column":16},"end":{"line":40,"column":17}}],"line":30}},"s":{"0":2,"1":2,"2":2,"3":1,"4":1,"5":1,"6":1,"7":1,"8":1,"9":1,"10":1,"11":1,"12":1,"13":1,"14":1,"15":1,"16":1,"17":0,"18":1,"19":1,"20":1,"21":0,"22":2},"f":{"0":2,"1":1,"2":1,"3":1,"4":1,"5":1,"6":1,"7":0},"b":{"0":[1,0]},"_coverageSchema":"1a1c01bbd47fc00a2c39e90264f33305004495a9","hash":"5538cba278681d8a7b1b6ecdaeb9f8e6d3bc441a"}
,"/home/ichsan/Code/FinalProject/smart-tracking/server/controllers/HistoryController.js": {"path":"/home/ichsan/Code/FinalProject/smart-tracking/server/controllers/HistoryController.js","statementMap":{"0":{"start":{"line":1,"column":28},"end":{"line":1,"column":48}},"1":{"start":{"line":6,"column":54},"end":{"line":6,"column":62}},"2":{"start":{"line":8,"column":8},"end":{"line":32,"column":10}},"3":{"start":{"line":10,"column":28},"end":{"line":13,"column":13}},"4":{"start":{"line":15,"column":12},"end":{"line":15,"column":42}},"5":{"start":{"line":18,"column":12},"end":{"line":18,"column":38}},"6":{"start":{"line":21,"column":12},"end":{"line":31,"column":13}},"7":{"start":{"line":22,"column":31},"end":{"line":24,"column":18}},"8":{"start":{"line":23,"column":20},"end":{"line":23,"column":37}},"9":{"start":{"line":26,"column":16},"end":{"line":26,"column":46}},"10":{"start":{"line":28,"column":16},"end":{"line":28,"column":71}},"11":{"start":{"line":30,"column":16},"end":{"line":30,"column":59}},"12":{"start":{"line":36,"column":25},"end":{"line":36,"column":38}},"13":{"start":{"line":38,"column":8},"end":{"line":50,"column":10}},"14":{"start":{"line":42,"column":12},"end":{"line":46,"column":13}},"15":{"start":{"line":43,"column":16},"end":{"line":43,"column":54}},"16":{"start":{"line":45,"column":16},"end":{"line":45,"column":42}},"17":{"start":{"line":49,"column":12},"end":{"line":49,"column":21}},"18":{"start":{"line":55,"column":25},"end":{"line":55,"column":38}},"19":{"start":{"line":57,"column":8},"end":{"line":71,"column":10}},"20":{"start":{"line":63,"column":12},"end":{"line":67,"column":13}},"21":{"start":{"line":64,"column":16},"end":{"line":64,"column":54}},"22":{"start":{"line":66,"column":16},"end":{"line":66,"column":45}},"23":{"start":{"line":70,"column":12},"end":{"line":70,"column":21}},"24":{"start":{"line":76,"column":0},"end":{"line":76,"column":34}}},"fnMap":{"0":{"name":"(anonymous_0)","decl":{"start":{"line":5,"column":4},"end":{"line":5,"column":5}},"loc":{"start":{"line":5,"column":32},"end":{"line":33,"column":5}},"line":5},"1":{"name":"(anonymous_1)","decl":{"start":{"line":9,"column":14},"end":{"line":9,"column":15}},"loc":{"start":{"line":9,"column":22},"end":{"line":16,"column":9}},"line":9},"2":{"name":"(anonymous_2)","decl":{"start":{"line":17,"column":14},"end":{"line":17,"column":15}},"loc":{"start":{"line":17,"column":22},"end":{"line":19,"column":9}},"line":17},"3":{"name":"(anonymous_3)","decl":{"start":{"line":20,"column":15},"end":{"line":20,"column":16}},"loc":{"start":{"line":20,"column":24},"end":{"line":32,"column":9}},"line":20},"4":{"name":"(anonymous_4)","decl":{"start":{"line":22,"column":46},"end":{"line":22,"column":47}},"loc":{"start":{"line":22,"column":52},"end":{"line":24,"column":17}},"line":22},"5":{"name":"(anonymous_5)","decl":{"start":{"line":35,"column":4},"end":{"line":35,"column":5}},"loc":{"start":{"line":35,"column":36},"end":{"line":52,"column":5}},"line":35},"6":{"name":"(anonymous_6)","decl":{"start":{"line":41,"column":14},"end":{"line":41,"column":15}},"loc":{"start":{"line":41,"column":22},"end":{"line":47,"column":9}},"line":41},"7":{"name":"(anonymous_7)","decl":{"start":{"line":48,"column":15},"end":{"line":48,"column":16}},"loc":{"start":{"line":48,"column":24},"end":{"line":50,"column":9}},"line":48},"8":{"name":"(anonymous_8)","decl":{"start":{"line":54,"column":4},"end":{"line":54,"column":5}},"loc":{"start":{"line":54,"column":41},"end":{"line":73,"column":5}},"line":54},"9":{"name":"(anonymous_9)","decl":{"start":{"line":62,"column":14},"end":{"line":62,"column":15}},"loc":{"start":{"line":62,"column":22},"end":{"line":68,"column":9}},"line":62},"10":{"name":"(anonymous_10)","decl":{"start":{"line":69,"column":15},"end":{"line":69,"column":16}},"loc":{"start":{"line":69,"column":24},"end":{"line":71,"column":9}},"line":69}},"branchMap":{"0":{"loc":{"start":{"line":21,"column":12},"end":{"line":31,"column":13}},"type":"if","locations":[{"start":{"line":21,"column":12},"end":{"line":31,"column":13}},{"start":{"line":21,"column":12},"end":{"line":31,"column":13}}],"line":21},"1":{"loc":{"start":{"line":42,"column":12},"end":{"line":46,"column":13}},"type":"if","locations":[{"start":{"line":42,"column":12},"end":{"line":46,"column":13}},{"start":{"line":42,"column":12},"end":{"line":46,"column":13}}],"line":42},"2":{"loc":{"start":{"line":63,"column":12},"end":{"line":67,"column":13}},"type":"if","locations":[{"start":{"line":63,"column":12},"end":{"line":67,"column":13}},{"start":{"line":63,"column":12},"end":{"line":67,"column":13}}],"line":63}},"s":{"0":2,"1":3,"2":3,"3":3,"4":3,"5":1,"6":2,"7":2,"8":2,"9":2,"10":2,"11":0,"12":2,"13":2,"14":2,"15":1,"16":1,"17":1,"18":2,"19":2,"20":2,"21":1,"22":1,"23":1,"24":2},"f":{"0":3,"1":3,"2":1,"3":2,"4":2,"5":2,"6":2,"7":1,"8":2,"9":2,"10":1},"b":{"0":[2,0],"1":[1,1],"2":[1,1]},"_coverageSchema":"1a1c01bbd47fc00a2c39e90264f33305004495a9","hash":"ac0e2be2bccc87b9e0b405b52bc30824593e86a7"}
,"/home/ichsan/Code/FinalProject/smart-tracking/server/controllers/StatusDeviceController.js": {"path":"/home/ichsan/Code/FinalProject/smart-tracking/server/controllers/StatusDeviceController.js","statementMap":{"0":{"start":{"line":1,"column":33},"end":{"line":1,"column":53}},"1":{"start":{"line":6,"column":23},"end":{"line":6,"column":33}},"2":{"start":{"line":8,"column":8},"end":{"line":30,"column":14}},"3":{"start":{"line":12,"column":16},"end":{"line":22,"column":17}},"4":{"start":{"line":13,"column":20},"end":{"line":13,"column":58}},"5":{"start":{"line":15,"column":20},"end":{"line":21,"column":22}},"6":{"start":{"line":25,"column":33},"end":{"line":25,"column":37}},"7":{"start":{"line":26,"column":16},"end":{"line":26,"column":44}},"8":{"start":{"line":29,"column":16},"end":{"line":29,"column":25}},"9":{"start":{"line":34,"column":47},"end":{"line":34,"column":55}},"10":{"start":{"line":36,"column":8},"end":{"line":50,"column":14}},"11":{"start":{"line":37,"column":26},"end":{"line":37,"column":52}},"12":{"start":{"line":39,"column":16},"end":{"line":49,"column":17}},"13":{"start":{"line":40,"column":35},"end":{"line":42,"column":22}},"14":{"start":{"line":41,"column":24},"end":{"line":41,"column":41}},"15":{"start":{"line":44,"column":20},"end":{"line":44,"column":50}},"16":{"start":{"line":46,"column":20},"end":{"line":46,"column":75}},"17":{"start":{"line":48,"column":20},"end":{"line":48,"column":63}},"18":{"start":{"line":55,"column":0},"end":{"line":55,"column":39}}},"fnMap":{"0":{"name":"(anonymous_0)","decl":{"start":{"line":5,"column":4},"end":{"line":5,"column":5}},"loc":{"start":{"line":5,"column":37},"end":{"line":31,"column":5}},"line":5},"1":{"name":"(anonymous_1)","decl":{"start":{"line":11,"column":18},"end":{"line":11,"column":19}},"loc":{"start":{"line":11,"column":26},"end":{"line":23,"column":13}},"line":11},"2":{"name":"(anonymous_2)","decl":{"start":{"line":24,"column":18},"end":{"line":24,"column":19}},"loc":{"start":{"line":24,"column":26},"end":{"line":27,"column":13}},"line":24},"3":{"name":"(anonymous_3)","decl":{"start":{"line":28,"column":19},"end":{"line":28,"column":20}},"loc":{"start":{"line":28,"column":28},"end":{"line":30,"column":13}},"line":28},"4":{"name":"(anonymous_4)","decl":{"start":{"line":33,"column":4},"end":{"line":33,"column":5}},"loc":{"start":{"line":33,"column":38},"end":{"line":51,"column":5}},"line":33},"5":{"name":"(anonymous_5)","decl":{"start":{"line":37,"column":18},"end":{"line":37,"column":19}},"loc":{"start":{"line":37,"column":26},"end":{"line":37,"column":52}},"line":37},"6":{"name":"(anonymous_6)","decl":{"start":{"line":38,"column":19},"end":{"line":38,"column":20}},"loc":{"start":{"line":38,"column":28},"end":{"line":50,"column":13}},"line":38},"7":{"name":"(anonymous_7)","decl":{"start":{"line":40,"column":50},"end":{"line":40,"column":51}},"loc":{"start":{"line":40,"column":56},"end":{"line":42,"column":21}},"line":40}},"branchMap":{"0":{"loc":{"start":{"line":12,"column":16},"end":{"line":22,"column":17}},"type":"if","locations":[{"start":{"line":12,"column":16},"end":{"line":22,"column":17}},{"start":{"line":12,"column":16},"end":{"line":22,"column":17}}],"line":12},"1":{"loc":{"start":{"line":39,"column":16},"end":{"line":49,"column":17}},"type":"if","locations":[{"start":{"line":39,"column":16},"end":{"line":49,"column":17}},{"start":{"line":39,"column":16},"end":{"line":49,"column":17}}],"line":39}},"s":{"0":2,"1":2,"2":2,"3":2,"4":1,"5":1,"6":1,"7":1,"8":1,"9":3,"10":3,"11":1,"12":2,"13":2,"14":2,"15":2,"16":2,"17":0,"18":2},"f":{"0":2,"1":2,"2":1,"3":1,"4":3,"5":1,"6":2,"7":2},"b":{"0":[1,1],"1":[2,0]},"_coverageSchema":"1a1c01bbd47fc00a2c39e90264f33305004495a9","hash":"bb2a8ec085aa57a73bc803fe737eb7678a47407e"}
,"/home/ichsan/Code/FinalProject/smart-tracking/server/controllers/UserController.js": {"path":"/home/ichsan/Code/FinalProject/smart-tracking/server/controllers/UserController.js","statementMap":{"0":{"start":{"line":1,"column":17},"end":{"line":1,"column":37}},"1":{"start":{"line":2,"column":15},"end":{"line":2,"column":32}},"2":{"start":{"line":3,"column":27},"end":{"line":3,"column":52}},"3":{"start":{"line":8,"column":42},"end":{"line":8,"column":50}},"4":{"start":{"line":9,"column":8},"end":{"line":11,"column":9}},"5":{"start":{"line":10,"column":12},"end":{"line":10,"column":101}},"6":{"start":{"line":13,"column":8},"end":{"line":37,"column":14}},"7":{"start":{"line":15,"column":35},"end":{"line":15,"column":50}},"8":{"start":{"line":16,"column":16},"end":{"line":16,"column":39}},"9":{"start":{"line":17,"column":16},"end":{"line":17,"column":40}},"10":{"start":{"line":18,"column":16},"end":{"line":18,"column":40}},"11":{"start":{"line":20,"column":16},"end":{"line":20,"column":45}},"12":{"start":{"line":23,"column":16},"end":{"line":36,"column":17}},"13":{"start":{"line":24,"column":35},"end":{"line":29,"column":22}},"14":{"start":{"line":25,"column":24},"end":{"line":27,"column":25}},"15":{"start":{"line":26,"column":28},"end":{"line":26,"column":56}},"16":{"start":{"line":28,"column":24},"end":{"line":28,"column":41}},"17":{"start":{"line":31,"column":20},"end":{"line":31,"column":50}},"18":{"start":{"line":33,"column":20},"end":{"line":33,"column":75}},"19":{"start":{"line":35,"column":20},"end":{"line":35,"column":63}},"20":{"start":{"line":41,"column":36},"end":{"line":41,"column":44}},"21":{"start":{"line":43,"column":8},"end":{"line":67,"column":14}},"22":{"start":{"line":47,"column":16},"end":{"line":63,"column":17}},"23":{"start":{"line":48,"column":20},"end":{"line":60,"column":21}},"24":{"start":{"line":49,"column":48},"end":{"line":49,"column":63}},"25":{"start":{"line":50,"column":24},"end":{"line":50,"column":48}},"26":{"start":{"line":51,"column":24},"end":{"line":51,"column":49}},"27":{"start":{"line":52,"column":24},"end":{"line":52,"column":49}},"28":{"start":{"line":54,"column":38},"end":{"line":54,"column":62}},"29":{"start":{"line":55,"column":24},"end":{"line":55,"column":46}},"30":{"start":{"line":57,"column":24},"end":{"line":57,"column":54}},"31":{"start":{"line":59,"column":24},"end":{"line":59,"column":63}},"32":{"start":{"line":62,"column":20},"end":{"line":62,"column":56}},"33":{"start":{"line":66,"column":16},"end":{"line":66,"column":59}},"34":{"start":{"line":72,"column":0},"end":{"line":72,"column":31}}},"fnMap":{"0":{"name":"(anonymous_0)","decl":{"start":{"line":7,"column":4},"end":{"line":7,"column":5}},"loc":{"start":{"line":7,"column":36},"end":{"line":38,"column":5}},"line":7},"1":{"name":"(anonymous_1)","decl":{"start":{"line":14,"column":18},"end":{"line":14,"column":19}},"loc":{"start":{"line":14,"column":26},"end":{"line":21,"column":13}},"line":14},"2":{"name":"(anonymous_2)","decl":{"start":{"line":22,"column":19},"end":{"line":22,"column":20}},"loc":{"start":{"line":22,"column":26},"end":{"line":37,"column":13}},"line":22},"3":{"name":"(anonymous_3)","decl":{"start":{"line":24,"column":50},"end":{"line":24,"column":51}},"loc":{"start":{"line":24,"column":56},"end":{"line":29,"column":21}},"line":24},"4":{"name":"(anonymous_4)","decl":{"start":{"line":40,"column":4},"end":{"line":40,"column":5}},"loc":{"start":{"line":40,"column":33},"end":{"line":68,"column":5}},"line":40},"5":{"name":"(anonymous_5)","decl":{"start":{"line":46,"column":18},"end":{"line":46,"column":19}},"loc":{"start":{"line":46,"column":26},"end":{"line":64,"column":13}},"line":46},"6":{"name":"(anonymous_6)","decl":{"start":{"line":65,"column":19},"end":{"line":65,"column":20}},"loc":{"start":{"line":65,"column":28},"end":{"line":67,"column":13}},"line":65}},"branchMap":{"0":{"loc":{"start":{"line":9,"column":8},"end":{"line":11,"column":9}},"type":"if","locations":[{"start":{"line":9,"column":8},"end":{"line":11,"column":9}},{"start":{"line":9,"column":8},"end":{"line":11,"column":9}}],"line":9},"1":{"loc":{"start":{"line":23,"column":16},"end":{"line":36,"column":17}},"type":"if","locations":[{"start":{"line":23,"column":16},"end":{"line":36,"column":17}},{"start":{"line":23,"column":16},"end":{"line":36,"column":17}}],"line":23},"2":{"loc":{"start":{"line":25,"column":24},"end":{"line":27,"column":25}},"type":"if","locations":[{"start":{"line":25,"column":24},"end":{"line":27,"column":25}},{"start":{"line":25,"column":24},"end":{"line":27,"column":25}}],"line":25},"3":{"loc":{"start":{"line":47,"column":16},"end":{"line":63,"column":17}},"type":"if","locations":[{"start":{"line":47,"column":16},"end":{"line":63,"column":17}},{"start":{"line":47,"column":16},"end":{"line":63,"column":17}}],"line":47},"4":{"loc":{"start":{"line":48,"column":20},"end":{"line":60,"column":21}},"type":"if","locations":[{"start":{"line":48,"column":20},"end":{"line":60,"column":21}},{"start":{"line":48,"column":20},"end":{"line":60,"column":21}}],"line":48}},"s":{"0":2,"1":2,"2":2,"3":6,"4":6,"5":1,"6":5,"7":1,"8":1,"9":1,"10":1,"11":1,"12":4,"13":4,"14":4,"15":1,"16":3,"17":4,"18":4,"19":0,"20":3,"21":3,"22":3,"23":2,"24":1,"25":1,"26":1,"27":1,"28":1,"29":1,"30":1,"31":1,"32":1,"33":0,"34":2},"f":{"0":6,"1":1,"2":4,"3":4,"4":3,"5":3,"6":0},"b":{"0":[1,5],"1":[4,0],"2":[1,3],"3":[2,1],"4":[1,1]},"_coverageSchema":"1a1c01bbd47fc00a2c39e90264f33305004495a9","hash":"63ca5fef235ed4bc617191722c6dc7b4e424e734"}
,"/home/ichsan/Code/FinalProject/smart-tracking/server/helpers/jwt.js": {"path":"/home/ichsan/Code/FinalProject/smart-tracking/server/helpers/jwt.js","statementMap":{"0":{"start":{"line":1,"column":12},"end":{"line":1,"column":35}},"1":{"start":{"line":3,"column":23},"end":{"line":5,"column":1}},"2":{"start":{"line":4,"column":4},"end":{"line":4,"column":49}},"3":{"start":{"line":7,"column":15},"end":{"line":9,"column":1}},"4":{"start":{"line":8,"column":4},"end":{"line":8,"column":51}},"5":{"start":{"line":12,"column":0},"end":{"line":12,"column":43}}},"fnMap":{"0":{"name":"(anonymous_0)","decl":{"start":{"line":3,"column":23},"end":{"line":3,"column":24}},"loc":{"start":{"line":3,"column":33},"end":{"line":5,"column":1}},"line":3},"1":{"name":"(anonymous_1)","decl":{"start":{"line":7,"column":15},"end":{"line":7,"column":16}},"loc":{"start":{"line":7,"column":25},"end":{"line":9,"column":1}},"line":7}},"branchMap":{},"s":{"0":2,"1":2,"2":2,"3":2,"4":15,"5":2},"f":{"0":2,"1":15},"b":{},"_coverageSchema":"1a1c01bbd47fc00a2c39e90264f33305004495a9","hash":"c8cb29cb708d1037d3f64b0327b06c250b8bdf3c"}
,"/home/ichsan/Code/FinalProject/smart-tracking/server/middlewares/authentication.js": {"path":"/home/ichsan/Code/FinalProject/smart-tracking/server/middlewares/authentication.js","statementMap":{"0":{"start":{"line":1,"column":19},"end":{"line":1,"column":44}},"1":{"start":{"line":2,"column":17},"end":{"line":2,"column":37}},"2":{"start":{"line":4,"column":0},"end":{"line":21,"column":1}},"3":{"start":{"line":6,"column":22},"end":{"line":6,"column":33}},"4":{"start":{"line":7,"column":4},"end":{"line":7,"column":59}},"5":{"start":{"line":7,"column":16},"end":{"line":7,"column":59}},"6":{"start":{"line":9,"column":4},"end":{"line":20,"column":5}},"7":{"start":{"line":10,"column":23},"end":{"line":10,"column":36}},"8":{"start":{"line":11,"column":8},"end":{"line":17,"column":10}},"9":{"start":{"line":13,"column":12},"end":{"line":16,"column":13}},"10":{"start":{"line":14,"column":16},"end":{"line":14,"column":33}},"11":{"start":{"line":15,"column":16},"end":{"line":15,"column":22}},"12":{"start":{"line":19,"column":8},"end":{"line":19,"column":43}}},"fnMap":{"0":{"name":"(anonymous_0)","decl":{"start":{"line":4,"column":17},"end":{"line":4,"column":18}},"loc":{"start":{"line":4,"column":35},"end":{"line":21,"column":1}},"line":4},"1":{"name":"(anonymous_1)","decl":{"start":{"line":12,"column":14},"end":{"line":12,"column":15}},"loc":{"start":{"line":12,"column":22},"end":{"line":17,"column":9}},"line":12}},"branchMap":{"0":{"loc":{"start":{"line":7,"column":4},"end":{"line":7,"column":59}},"type":"if","locations":[{"start":{"line":7,"column":4},"end":{"line":7,"column":59}},{"start":{"line":7,"column":4},"end":{"line":7,"column":59}}],"line":7},"1":{"loc":{"start":{"line":13,"column":12},"end":{"line":16,"column":13}},"type":"if","locations":[{"start":{"line":13,"column":12},"end":{"line":16,"column":13}},{"start":{"line":13,"column":12},"end":{"line":16,"column":13}}],"line":13}},"s":{"0":2,"1":2,"2":2,"3":16,"4":16,"5":1,"6":15,"7":15,"8":14,"9":14,"10":14,"11":14,"12":1},"f":{"0":16,"1":14},"b":{"0":[1,15],"1":[14,0]},"_coverageSchema":"1a1c01bbd47fc00a2c39e90264f33305004495a9","hash":"b9c2eff64915d608ae92b478c7947093ae1cfcbc"}
,"/home/ichsan/Code/FinalProject/smart-tracking/server/middlewares/error_handler.js": {"path":"/home/ichsan/Code/FinalProject/smart-tracking/server/middlewares/error_handler.js","statementMap":{"0":{"start":{"line":1,"column":0},"end":{"line":51,"column":1}},"1":{"start":{"line":5,"column":4},"end":{"line":46,"column":5}},"2":{"start":{"line":7,"column":12},"end":{"line":7,"column":26}},"3":{"start":{"line":8,"column":12},"end":{"line":8,"column":34}},"4":{"start":{"line":9,"column":12},"end":{"line":9,"column":17}},"5":{"start":{"line":11,"column":12},"end":{"line":11,"column":26}},"6":{"start":{"line":12,"column":12},"end":{"line":12,"column":38}},"7":{"start":{"line":13,"column":12},"end":{"line":13,"column":17}},"8":{"start":{"line":15,"column":12},"end":{"line":15,"column":26}},"9":{"start":{"line":16,"column":12},"end":{"line":16,"column":42}},"10":{"start":{"line":17,"column":12},"end":{"line":17,"column":17}},"11":{"start":{"line":19,"column":12},"end":{"line":19,"column":26}},"12":{"start":{"line":20,"column":12},"end":{"line":20,"column":37}},"13":{"start":{"line":21,"column":12},"end":{"line":21,"column":17}},"14":{"start":{"line":23,"column":12},"end":{"line":23,"column":26}},"15":{"start":{"line":24,"column":12},"end":{"line":24,"column":39}},"16":{"start":{"line":25,"column":12},"end":{"line":25,"column":17}},"17":{"start":{"line":31,"column":12},"end":{"line":31,"column":26}},"18":{"start":{"line":32,"column":12},"end":{"line":32,"column":39}},"19":{"start":{"line":33,"column":12},"end":{"line":33,"column":17}},"20":{"start":{"line":35,"column":12},"end":{"line":35,"column":26}},"21":{"start":{"line":36,"column":12},"end":{"line":36,"column":52}},"22":{"start":{"line":37,"column":12},"end":{"line":37,"column":17}},"23":{"start":{"line":39,"column":12},"end":{"line":39,"column":26}},"24":{"start":{"line":40,"column":12},"end":{"line":40,"column":45}},"25":{"start":{"line":41,"column":12},"end":{"line":41,"column":17}},"26":{"start":{"line":43,"column":12},"end":{"line":43,"column":26}},"27":{"start":{"line":44,"column":12},"end":{"line":44,"column":39}},"28":{"start":{"line":45,"column":12},"end":{"line":45,"column":17}},"29":{"start":{"line":49,"column":4},"end":{"line":49,"column":51}}},"fnMap":{"0":{"name":"(anonymous_0)","decl":{"start":{"line":1,"column":17},"end":{"line":1,"column":18}},"loc":{"start":{"line":1,"column":39},"end":{"line":51,"column":1}},"line":1}},"branchMap":{"0":{"loc":{"start":{"line":5,"column":4},"end":{"line":46,"column":5}},"type":"switch","locations":[{"start":{"line":6,"column":8},"end":{"line":9,"column":17}},{"start":{"line":10,"column":8},"end":{"line":13,"column":17}},{"start":{"line":14,"column":8},"end":{"line":17,"column":17}},{"start":{"line":18,"column":8},"end":{"line":21,"column":17}},{"start":{"line":22,"column":8},"end":{"line":25,"column":17}},{"start":{"line":30,"column":8},"end":{"line":33,"column":17}},{"start":{"line":34,"column":8},"end":{"line":37,"column":17}},{"start":{"line":38,"column":8},"end":{"line":41,"column":17}},{"start":{"line":42,"column":8},"end":{"line":45,"column":17}}],"line":5}},"s":{"0":2,"1":22,"2":10,"3":10,"4":10,"5":7,"6":7,"7":7,"8":1,"9":1,"10":1,"11":1,"12":1,"13":1,"14":1,"15":1,"16":1,"17":1,"18":1,"19":1,"20":1,"21":1,"22":1,"23":0,"24":0,"25":0,"26":0,"27":0,"28":0,"29":22},"f":{"0":22},"b":{"0":[10,7,1,1,1,1,1,0,0]},"_coverageSchema":"1a1c01bbd47fc00a2c39e90264f33305004495a9","hash":"1b4ab6c9cf6a63497aefd7eda32ccab98c6d1457"}
,"/home/ichsan/Code/FinalProject/smart-tracking/server/models/buzzer.js": {"path":"/home/ichsan/Code/FinalProject/smart-tracking/server/models/buzzer.js","statementMap":{"0":{"start":{"line":4,"column":4},"end":{"line":4,"column":24}},"1":{"start":{"line":5,"column":0},"end":{"line":25,"column":2}},"2":{"start":{"line":14,"column":6},"end":{"line":14,"column":82}},"3":{"start":{"line":17,"column":2},"end":{"line":23,"column":5}},"4":{"start":{"line":24,"column":2},"end":{"line":24,"column":16}}},"fnMap":{"0":{"name":"(anonymous_0)","decl":{"start":{"line":5,"column":17},"end":{"line":5,"column":18}},"loc":{"start":{"line":5,"column":43},"end":{"line":25,"column":1}},"line":5},"1":{"name":"(anonymous_1)","decl":{"start":{"line":12,"column":4},"end":{"line":12,"column":5}},"loc":{"start":{"line":12,"column":29},"end":{"line":15,"column":5}},"line":12}},"branchMap":{},"s":{"0":2,"1":2,"2":2,"3":2,"4":2},"f":{"0":2,"1":2},"b":{},"_coverageSchema":"1a1c01bbd47fc00a2c39e90264f33305004495a9","hash":"0d945794310372b1f3effc988eb841f9d25dbb94"}
,"/home/ichsan/Code/FinalProject/smart-tracking/server/models/connection.js": {"path":"/home/ichsan/Code/FinalProject/smart-tracking/server/models/connection.js","statementMap":{"0":{"start":{"line":4,"column":4},"end":{"line":4,"column":24}},"1":{"start":{"line":5,"column":0},"end":{"line":26,"column":2}},"2":{"start":{"line":14,"column":6},"end":{"line":14,"column":82}},"3":{"start":{"line":15,"column":6},"end":{"line":15,"column":86}},"4":{"start":{"line":18,"column":2},"end":{"line":24,"column":5}},"5":{"start":{"line":25,"column":2},"end":{"line":25,"column":20}}},"fnMap":{"0":{"name":"(anonymous_0)","decl":{"start":{"line":5,"column":17},"end":{"line":5,"column":18}},"loc":{"start":{"line":5,"column":43},"end":{"line":26,"column":1}},"line":5},"1":{"name":"(anonymous_1)","decl":{"start":{"line":12,"column":4},"end":{"line":12,"column":5}},"loc":{"start":{"line":12,"column":29},"end":{"line":16,"column":5}},"line":12}},"branchMap":{},"s":{"0":2,"1":2,"2":2,"3":2,"4":2,"5":2},"f":{"0":2,"1":2},"b":{},"_coverageSchema":"1a1c01bbd47fc00a2c39e90264f33305004495a9","hash":"84326aa58c376b7b87aacfb64d3d2afd6235fd9d"}
,"/home/ichsan/Code/FinalProject/smart-tracking/server/models/device.js": {"path":"/home/ichsan/Code/FinalProject/smart-tracking/server/models/device.js","statementMap":{"0":{"start":{"line":4,"column":4},"end":{"line":4,"column":24}},"1":{"start":{"line":5,"column":0},"end":{"line":34,"column":2}},"2":{"start":{"line":14,"column":6},"end":{"line":14,"column":83}},"3":{"start":{"line":15,"column":6},"end":{"line":15,"column":80}},"4":{"start":{"line":16,"column":6},"end":{"line":16,"column":79}},"5":{"start":{"line":19,"column":2},"end":{"line":32,"column":5}},"6":{"start":{"line":33,"column":2},"end":{"line":33,"column":16}}},"fnMap":{"0":{"name":"(anonymous_0)","decl":{"start":{"line":5,"column":17},"end":{"line":5,"column":18}},"loc":{"start":{"line":5,"column":43},"end":{"line":34,"column":1}},"line":5},"1":{"name":"(anonymous_1)","decl":{"start":{"line":12,"column":4},"end":{"line":12,"column":5}},"loc":{"start":{"line":12,"column":29},"end":{"line":17,"column":5}},"line":12}},"branchMap":{},"s":{"0":2,"1":2,"2":2,"3":2,"4":2,"5":2,"6":2},"f":{"0":2,"1":2},"b":{},"_coverageSchema":"1a1c01bbd47fc00a2c39e90264f33305004495a9","hash":"ac99f623b4288a81d1cfb3581c0c13843927c72e"}
,"/home/ichsan/Code/FinalProject/smart-tracking/server/models/history.js": {"path":"/home/ichsan/Code/FinalProject/smart-tracking/server/models/history.js","statementMap":{"0":{"start":{"line":4,"column":4},"end":{"line":4,"column":24}},"1":{"start":{"line":5,"column":0},"end":{"line":44,"column":2}},"2":{"start":{"line":14,"column":6},"end":{"line":14,"column":83}},"3":{"start":{"line":17,"column":2},"end":{"line":42,"column":5}},"4":{"start":{"line":43,"column":2},"end":{"line":43,"column":17}}},"fnMap":{"0":{"name":"(anonymous_0)","decl":{"start":{"line":5,"column":17},"end":{"line":5,"column":18}},"loc":{"start":{"line":5,"column":43},"end":{"line":44,"column":1}},"line":5},"1":{"name":"(anonymous_1)","decl":{"start":{"line":12,"column":4},"end":{"line":12,"column":5}},"loc":{"start":{"line":12,"column":29},"end":{"line":15,"column":5}},"line":12}},"branchMap":{},"s":{"0":2,"1":2,"2":2,"3":2,"4":2},"f":{"0":2,"1":2},"b":{},"_coverageSchema":"1a1c01bbd47fc00a2c39e90264f33305004495a9","hash":"0e587bfe2a51b357b3afccc94f2f1f9a7d63fb36"}
,"/home/ichsan/Code/FinalProject/smart-tracking/server/models/index.js": {"path":"/home/ichsan/Code/FinalProject/smart-tracking/server/models/index.js","statementMap":{"0":{"start":{"line":3,"column":11},"end":{"line":3,"column":24}},"1":{"start":{"line":4,"column":13},"end":{"line":4,"column":28}},"2":{"start":{"line":5,"column":18},"end":{"line":5,"column":38}},"3":{"start":{"line":6,"column":17},"end":{"line":6,"column":42}},"4":{"start":{"line":7,"column":12},"end":{"line":7,"column":49}},"5":{"start":{"line":8,"column":15},"end":{"line":8,"column":65}},"6":{"start":{"line":9,"column":11},"end":{"line":9,"column":13}},"7":{"start":{"line":12,"column":0},"end":{"line":16,"column":1}},"8":{"start":{"line":13,"column":2},"end":{"line":13,"column":74}},"9":{"start":{"line":15,"column":2},"end":{"line":15,"column":87}},"10":{"start":{"line":18,"column":0},"end":{"line":26,"column":5}},"11":{"start":{"line":21,"column":4},"end":{"line":21,"column":90}},"12":{"start":{"line":24,"column":18},"end":{"line":24,"column":85}},"13":{"start":{"line":25,"column":4},"end":{"line":25,"column":27}},"14":{"start":{"line":28,"column":0},"end":{"line":32,"column":3}},"15":{"start":{"line":29,"column":2},"end":{"line":31,"column":3}},"16":{"start":{"line":30,"column":4},"end":{"line":30,"column":32}},"17":{"start":{"line":34,"column":0},"end":{"line":34,"column":25}},"18":{"start":{"line":35,"column":0},"end":{"line":35,"column":25}},"19":{"start":{"line":37,"column":0},"end":{"line":37,"column":20}}},"fnMap":{"0":{"name":"(anonymous_0)","decl":{"start":{"line":20,"column":10},"end":{"line":20,"column":11}},"loc":{"start":{"line":20,"column":18},"end":{"line":22,"column":3}},"line":20},"1":{"name":"(anonymous_1)","decl":{"start":{"line":23,"column":11},"end":{"line":23,"column":12}},"loc":{"start":{"line":23,"column":19},"end":{"line":26,"column":3}},"line":23},"2":{"name":"(anonymous_2)","decl":{"start":{"line":28,"column":24},"end":{"line":28,"column":25}},"loc":{"start":{"line":28,"column":37},"end":{"line":32,"column":1}},"line":28}},"branchMap":{"0":{"loc":{"start":{"line":7,"column":12},"end":{"line":7,"column":49}},"type":"binary-expr","locations":[{"start":{"line":7,"column":12},"end":{"line":7,"column":32}},{"start":{"line":7,"column":36},"end":{"line":7,"column":49}}],"line":7},"1":{"loc":{"start":{"line":12,"column":0},"end":{"line":16,"column":1}},"type":"if","locations":[{"start":{"line":12,"column":0},"end":{"line":16,"column":1}},{"start":{"line":12,"column":0},"end":{"line":16,"column":1}}],"line":12},"2":{"loc":{"start":{"line":21,"column":11},"end":{"line":21,"column":89}},"type":"binary-expr","locations":[{"start":{"line":21,"column":12},"end":{"line":21,"column":35}},{"start":{"line":21,"column":41},"end":{"line":21,"column":58}},{"start":{"line":21,"column":64},"end":{"line":21,"column":88}}],"line":21},"3":{"loc":{"start":{"line":29,"column":2},"end":{"line":31,"column":3}},"type":"if","locations":[{"start":{"line":29,"column":2},"end":{"line":31,"column":3}},{"start":{"line":29,"column":2},"end":{"line":31,"column":3}}],"line":29}},"s":{"0":2,"1":2,"2":2,"3":2,"4":2,"5":2,"6":2,"7":2,"8":0,"9":2,"10":2,"11":14,"12":12,"13":12,"14":2,"15":12,"16":12,"17":2,"18":2,"19":2},"f":{"0":14,"1":12,"2":12},"b":{"0":[2,0],"1":[0,2],"2":[14,14,12],"3":[12,0]},"_coverageSchema":"1a1c01bbd47fc00a2c39e90264f33305004495a9","hash":"a1db754ba23e35fa50f49cf0820b68377e46abca"}
,"/home/ichsan/Code/FinalProject/smart-tracking/server/models/statusdevice.js": {"path":"/home/ichsan/Code/FinalProject/smart-tracking/server/models/statusdevice.js","statementMap":{"0":{"start":{"line":4,"column":4},"end":{"line":4,"column":24}},"1":{"start":{"line":5,"column":0},"end":{"line":40,"column":2}},"2":{"start":{"line":16,"column":2},"end":{"line":38,"column":5}},"3":{"start":{"line":39,"column":2},"end":{"line":39,"column":22}}},"fnMap":{"0":{"name":"(anonymous_0)","decl":{"start":{"line":5,"column":17},"end":{"line":5,"column":18}},"loc":{"start":{"line":5,"column":43},"end":{"line":40,"column":1}},"line":5},"1":{"name":"(anonymous_1)","decl":{"start":{"line":12,"column":4},"end":{"line":12,"column":5}},"loc":{"start":{"line":12,"column":29},"end":{"line":14,"column":5}},"line":12}},"branchMap":{},"s":{"0":2,"1":2,"2":2,"3":2},"f":{"0":2,"1":2},"b":{},"_coverageSchema":"1a1c01bbd47fc00a2c39e90264f33305004495a9","hash":"13331ff82f82b9cc1d709f2441d547832f4cf655"}
,"/home/ichsan/Code/FinalProject/smart-tracking/server/models/user.js": {"path":"/home/ichsan/Code/FinalProject/smart-tracking/server/models/user.js","statementMap":{"0":{"start":{"line":4,"column":4},"end":{"line":4,"column":24}},"1":{"start":{"line":5,"column":15},"end":{"line":5,"column":32}},"2":{"start":{"line":6,"column":13},"end":{"line":6,"column":35}},"3":{"start":{"line":8,"column":0},"end":{"line":67,"column":2}},"4":{"start":{"line":17,"column":6},"end":{"line":17,"column":80}},"5":{"start":{"line":20,"column":2},"end":{"line":65,"column":5}},"6":{"start":{"line":60,"column":8},"end":{"line":60,"column":68}},"7":{"start":{"line":66,"column":2},"end":{"line":66,"column":14}}},"fnMap":{"0":{"name":"(anonymous_0)","decl":{"start":{"line":8,"column":17},"end":{"line":8,"column":18}},"loc":{"start":{"line":8,"column":43},"end":{"line":67,"column":1}},"line":8},"1":{"name":"(anonymous_1)","decl":{"start":{"line":15,"column":4},"end":{"line":15,"column":5}},"loc":{"start":{"line":15,"column":29},"end":{"line":18,"column":5}},"line":15},"2":{"name":"(anonymous_2)","decl":{"start":{"line":59,"column":20},"end":{"line":59,"column":21}},"loc":{"start":{"line":59,"column":34},"end":{"line":61,"column":7}},"line":59}},"branchMap":{},"s":{"0":2,"1":2,"2":2,"3":2,"4":2,"5":2,"6":3,"7":2},"f":{"0":2,"1":2,"2":3},"b":{},"_coverageSchema":"1a1c01bbd47fc00a2c39e90264f33305004495a9","hash":"e27c7bf88f3455ddfceb0f8c21b08812b09a5ac0"}
,"/home/ichsan/Code/FinalProject/smart-tracking/server/routes/BuzzerRoute.js": {"path":"/home/ichsan/Code/FinalProject/smart-tracking/server/routes/BuzzerRoute.js","statementMap":{"0":{"start":{"line":1,"column":15},"end":{"line":1,"column":42}},"1":{"start":{"line":2,"column":24},"end":{"line":2,"column":65}},"2":{"start":{"line":3,"column":23},"end":{"line":3,"column":63}},"3":{"start":{"line":4,"column":0},"end":{"line":4,"column":52}},"4":{"start":{"line":6,"column":0},"end":{"line":6,"column":26}},"5":{"start":{"line":7,"column":0},"end":{"line":7,"column":52}},"6":{"start":{"line":8,"column":0},"end":{"line":8,"column":54}},"7":{"start":{"line":10,"column":0},"end":{"line":10,"column":23}}},"fnMap":{},"branchMap":{},"s":{"0":2,"1":2,"2":2,"3":2,"4":2,"5":2,"6":2,"7":2},"f":{},"b":{},"_coverageSchema":"1a1c01bbd47fc00a2c39e90264f33305004495a9","hash":"9b162c0b8c8561a1d3b50249bf3241295bb21a9b"}
,"/home/ichsan/Code/FinalProject/smart-tracking/server/routes/ConnectionRoute.js": {"path":"/home/ichsan/Code/FinalProject/smart-tracking/server/routes/ConnectionRoute.js","statementMap":{"0":{"start":{"line":1,"column":15},"end":{"line":1,"column":42}},"1":{"start":{"line":2,"column":29},"end":{"line":2,"column":75}},"2":{"start":{"line":3,"column":23},"end":{"line":3,"column":63}},"3":{"start":{"line":5,"column":0},"end":{"line":5,"column":26}},"4":{"start":{"line":6,"column":0},"end":{"line":6,"column":46}},"5":{"start":{"line":8,"column":0},"end":{"line":8,"column":23}}},"fnMap":{},"branchMap":{},"s":{"0":2,"1":2,"2":2,"3":2,"4":2,"5":2},"f":{},"b":{},"_coverageSchema":"1a1c01bbd47fc00a2c39e90264f33305004495a9","hash":"6d95e49ca73e62dba69bf06e629b2b265cbc53d0"}
,"/home/ichsan/Code/FinalProject/smart-tracking/server/routes/DeviceRoute.js": {"path":"/home/ichsan/Code/FinalProject/smart-tracking/server/routes/DeviceRoute.js","statementMap":{"0":{"start":{"line":1,"column":15},"end":{"line":1,"column":42}},"1":{"start":{"line":2,"column":25},"end":{"line":2,"column":67}},"2":{"start":{"line":3,"column":26},"end":{"line":3,"column":69}},"3":{"start":{"line":4,"column":31},"end":{"line":4,"column":79}},"4":{"start":{"line":5,"column":23},"end":{"line":5,"column":63}},"5":{"start":{"line":7,"column":0},"end":{"line":7,"column":44}},"6":{"start":{"line":8,"column":0},"end":{"line":8,"column":26}},"7":{"start":{"line":9,"column":0},"end":{"line":9,"column":44}},"8":{"start":{"line":10,"column":0},"end":{"line":10,"column":52}},"9":{"start":{"line":11,"column":0},"end":{"line":11,"column":58}},"10":{"start":{"line":12,"column":0},"end":{"line":12,"column":61}},"11":{"start":{"line":15,"column":0},"end":{"line":15,"column":23}}},"fnMap":{},"branchMap":{},"s":{"0":2,"1":2,"2":2,"3":2,"4":2,"5":2,"6":2,"7":2,"8":2,"9":2,"10":2,"11":2},"f":{},"b":{},"_coverageSchema":"1a1c01bbd47fc00a2c39e90264f33305004495a9","hash":"6b1af8df2bd4997126086c9d97876b4474980635"}
,"/home/ichsan/Code/FinalProject/smart-tracking/server/routes/HistoryRoute.js": {"path":"/home/ichsan/Code/FinalProject/smart-tracking/server/routes/HistoryRoute.js","statementMap":{"0":{"start":{"line":1,"column":15},"end":{"line":1,"column":42}},"1":{"start":{"line":2,"column":26},"end":{"line":2,"column":69}},"2":{"start":{"line":4,"column":0},"end":{"line":4,"column":40}},"3":{"start":{"line":6,"column":0},"end":{"line":6,"column":23}}},"fnMap":{},"branchMap":{},"s":{"0":2,"1":2,"2":2,"3":2},"f":{},"b":{},"_coverageSchema":"1a1c01bbd47fc00a2c39e90264f33305004495a9","hash":"378842aa7c779ddf53ab1149229d843d2d1a4d33"}
,"/home/ichsan/Code/FinalProject/smart-tracking/server/routes/StatusRoute.js": {"path":"/home/ichsan/Code/FinalProject/smart-tracking/server/routes/StatusRoute.js","statementMap":{"0":{"start":{"line":1,"column":15},"end":{"line":1,"column":42}},"1":{"start":{"line":2,"column":31},"end":{"line":2,"column":79}},"2":{"start":{"line":4,"column":0},"end":{"line":4,"column":51}},"3":{"start":{"line":6,"column":0},"end":{"line":6,"column":23}}},"fnMap":{},"branchMap":{},"s":{"0":2,"1":2,"2":2,"3":2},"f":{},"b":{},"_coverageSchema":"1a1c01bbd47fc00a2c39e90264f33305004495a9","hash":"59bcb6339eee441b273fb096bfbf9f986664c84e"}
,"/home/ichsan/Code/FinalProject/smart-tracking/server/routes/UserRoute.js": {"path":"/home/ichsan/Code/FinalProject/smart-tracking/server/routes/UserRoute.js","statementMap":{"0":{"start":{"line":1,"column":15},"end":{"line":1,"column":42}},"1":{"start":{"line":2,"column":23},"end":{"line":2,"column":63}},"2":{"start":{"line":4,"column":0},"end":{"line":4,"column":49}},"3":{"start":{"line":5,"column":0},"end":{"line":5,"column":43}},"4":{"start":{"line":7,"column":0},"end":{"line":7,"column":23}}},"fnMap":{},"branchMap":{},"s":{"0":2,"1":2,"2":2,"3":2,"4":2},"f":{},"b":{},"_coverageSchema":"1a1c01bbd47fc00a2c39e90264f33305004495a9","hash":"1802d3b16c29ab98037bdabe4839351e242378e7"}
,"/home/ichsan/Code/FinalProject/smart-tracking/server/routes/index.js": {"path":"/home/ichsan/Code/FinalProject/smart-tracking/server/routes/index.js","statementMap":{"0":{"start":{"line":1,"column":15},"end":{"line":1,"column":42}},"1":{"start":{"line":2,"column":18},"end":{"line":2,"column":40}},"2":{"start":{"line":3,"column":20},"end":{"line":3,"column":44}},"3":{"start":{"line":4,"column":20},"end":{"line":4,"column":44}},"4":{"start":{"line":5,"column":20},"end":{"line":5,"column":44}},"5":{"start":{"line":6,"column":21},"end":{"line":6,"column":46}},"6":{"start":{"line":7,"column":24},"end":{"line":7,"column":52}},"7":{"start":{"line":9,"column":0},"end":{"line":13,"column":2}},"8":{"start":{"line":10,"column":4},"end":{"line":12,"column":6}},"9":{"start":{"line":15,"column":0},"end":{"line":15,"column":26}},"10":{"start":{"line":16,"column":0},"end":{"line":16,"column":35}},"11":{"start":{"line":17,"column":0},"end":{"line":17,"column":39}},"12":{"start":{"line":18,"column":0},"end":{"line":18,"column":34}},"13":{"start":{"line":19,"column":0},"end":{"line":19,"column":34}},"14":{"start":{"line":20,"column":0},"end":{"line":20,"column":37}},"15":{"start":{"line":22,"column":0},"end":{"line":22,"column":23}}},"fnMap":{"0":{"name":"(anonymous_0)","decl":{"start":{"line":9,"column":16},"end":{"line":9,"column":17}},"loc":{"start":{"line":9,"column":36},"end":{"line":13,"column":1}},"line":9}},"branchMap":{},"s":{"0":2,"1":2,"2":2,"3":2,"4":2,"5":2,"6":2,"7":2,"8":1,"9":2,"10":2,"11":2,"12":2,"13":2,"14":2,"15":2},"f":{"0":1},"b":{},"_coverageSchema":"1a1c01bbd47fc00a2c39e90264f33305004495a9","hash":"7ec86fbe579a1c50476172bc381ea7f784fcc1b0"}
}
