TN:
SF:app.js
FNF:0
FNH:0
DA:1,2
DA:2,2
DA:3,2
DA:4,2
DA:5,2
DA:6,2
DA:9,2
DA:10,2
DA:11,2
DA:12,2
DA:13,2
DA:22,2
LF:12
LH:12
BRF:0
BRH:0
end_of_record
TN:
SF:controllers/BuzzerConroller.js
FN:4,(anonymous_0)
FN:13,(anonymous_1)
FN:16,(anonymous_2)
FN:25,(anonymous_3)
FN:35,(anonymous_4)
FN:38,(anonymous_5)
FN:48,(anonymous_6)
FN:59,(anonymous_7)
FN:67,(anonymous_8)
FNF:9
FNH:9
FNDA:2,(anonymous_0)
FNDA:1,(anonymous_1)
FNDA:1,(anonymous_2)
FNDA:2,(anonymous_3)
FNDA:1,(anonymous_4)
FNDA:1,(anonymous_5)
FNDA:2,(anonymous_6)
FNDA:2,(anonymous_7)
FNDA:1,(anonymous_8)
DA:1,2
DA:5,2
DA:7,2
DA:12,2
DA:14,1
DA:17,1
DA:18,1
DA:20,0
DA:27,2
DA:29,2
DA:34,2
DA:36,1
DA:39,1
DA:40,1
DA:42,0
DA:49,2
DA:51,2
DA:60,2
DA:61,1
DA:63,1
DA:64,1
DA:68,1
DA:73,2
LF:23
LH:21
BRDA:17,0,0,1
BRDA:17,0,1,0
BRDA:39,1,0,1
BRDA:39,1,1,0
BRDA:60,2,0,1
BRDA:60,2,1,1
BRF:6
BRH:4
end_of_record
TN:
SF:controllers/ConnectionController.js
FN:5,(anonymous_0)
FN:11,(anonymous_1)
FN:24,(anonymous_2)
FN:35,(anonymous_3)
FN:46,(anonymous_4)
FNF:5
FNH:4
FNDA:3,(anonymous_0)
FNDA:3,(anonymous_1)
FNDA:3,(anonymous_2)
FNDA:3,(anonymous_3)
FNDA:0,(anonymous_4)
DA:1,2
DA:2,2
DA:6,3
DA:7,3
DA:10,3
DA:12,3
DA:13,2
DA:14,2
DA:15,2
DA:21,1
DA:25,3
DA:26,2
DA:27,1
DA:29,1
DA:32,1
DA:36,3
DA:37,1
DA:39,2
DA:40,1
DA:43,1
DA:47,0
DA:52,2
LF:22
LH:21
BRDA:12,0,0,2
BRDA:12,0,1,1
BRDA:25,1,0,2
BRDA:25,1,1,1
BRDA:26,2,0,1
BRDA:26,2,1,1
BRDA:36,3,0,1
BRDA:36,3,1,2
BRDA:39,4,0,1
BRDA:39,4,1,1
BRF:10
BRH:10
end_of_record
TN:
SF:controllers/DeviceController.js
FN:5,(anonymous_0)
FN:11,(anonymous_1)
FN:22,(anonymous_2)
FN:29,(anonymous_3)
FN:31,(anonymous_4)
FN:44,(anonymous_5)
FN:52,(anonymous_6)
FN:55,(anonymous_7)
FNF:8
FNH:7
FNDA:2,(anonymous_0)
FNDA:1,(anonymous_1)
FNDA:1,(anonymous_2)
FNDA:1,(anonymous_3)
FNDA:1,(anonymous_4)
FNDA:1,(anonymous_5)
FNDA:1,(anonymous_6)
FNDA:0,(anonymous_7)
DA:1,2
DA:6,2
DA:10,2
DA:12,1
DA:13,1
DA:14,1
DA:16,1
DA:20,1
DA:23,1
DA:24,1
DA:25,1
DA:27,1
DA:30,1
DA:31,1
DA:32,1
DA:35,1
DA:37,1
DA:39,0
DA:46,1
DA:48,1
DA:53,1
DA:56,0
DA:62,2
LF:23
LH:21
BRDA:30,0,0,1
BRDA:30,0,1,0
BRF:2
BRH:1
end_of_record
TN:
SF:controllers/HistoryController.js
FN:5,(anonymous_0)
FN:9,(anonymous_1)
FN:17,(anonymous_2)
FN:20,(anonymous_3)
FN:22,(anonymous_4)
FN:35,(anonymous_5)
FN:41,(anonymous_6)
FN:48,(anonymous_7)
FN:54,(anonymous_8)
FN:62,(anonymous_9)
FN:69,(anonymous_10)
FNF:11
FNH:11
FNDA:3,(anonymous_0)
FNDA:3,(anonymous_1)
FNDA:1,(anonymous_2)
FNDA:2,(anonymous_3)
FNDA:2,(anonymous_4)
FNDA:2,(anonymous_5)
FNDA:2,(anonymous_6)
FNDA:1,(anonymous_7)
FNDA:2,(anonymous_8)
FNDA:2,(anonymous_9)
FNDA:1,(anonymous_10)
DA:1,2
DA:6,3
DA:8,3
DA:10,3
DA:15,3
DA:18,1
DA:21,2
DA:22,2
DA:23,2
DA:26,2
DA:28,2
DA:30,0
DA:36,2
DA:38,2
DA:42,2
DA:43,1
DA:45,1
DA:49,1
DA:55,2
DA:57,2
DA:63,2
DA:64,1
DA:66,1
DA:70,1
DA:76,2
LF:25
LH:24
BRDA:21,0,0,2
BRDA:21,0,1,0
BRDA:42,1,0,1
BRDA:42,1,1,1
BRDA:63,2,0,1
BRDA:63,2,1,1
BRF:6
BRH:5
end_of_record
TN:
SF:controllers/StatusDeviceController.js
FN:5,(anonymous_0)
FN:11,(anonymous_1)
FN:24,(anonymous_2)
FN:28,(anonymous_3)
FN:33,(anonymous_4)
FN:37,(anonymous_5)
FN:38,(anonymous_6)
FN:40,(anonymous_7)
FNF:8
FNH:8
FNDA:2,(anonymous_0)
FNDA:2,(anonymous_1)
FNDA:1,(anonymous_2)
FNDA:1,(anonymous_3)
FNDA:3,(anonymous_4)
FNDA:1,(anonymous_5)
FNDA:2,(anonymous_6)
FNDA:2,(anonymous_7)
DA:1,2
DA:6,2
DA:8,2
DA:12,2
DA:13,1
DA:15,1
DA:25,1
DA:26,1
DA:29,1
DA:34,3
DA:36,3
DA:37,1
DA:39,2
DA:40,2
DA:41,2
DA:44,2
DA:46,2
DA:48,0
DA:55,2
LF:19
LH:18
BRDA:12,0,0,1
BRDA:12,0,1,1
BRDA:39,1,0,2
BRDA:39,1,1,0
BRF:4
BRH:3
end_of_record
TN:
SF:controllers/UserController.js
FN:7,(anonymous_0)
FN:14,(anonymous_1)
FN:22,(anonymous_2)
FN:24,(anonymous_3)
FN:40,(anonymous_4)
FN:46,(anonymous_5)
FN:65,(anonymous_6)
FNF:7
FNH:6
FNDA:6,(anonymous_0)
FNDA:1,(anonymous_1)
FNDA:4,(anonymous_2)
FNDA:4,(anonymous_3)
FNDA:3,(anonymous_4)
FNDA:3,(anonymous_5)
FNDA:0,(anonymous_6)
DA:1,2
DA:2,2
DA:3,2
DA:8,6
DA:9,6
DA:10,1
DA:13,5
DA:15,1
DA:16,1
DA:17,1
DA:18,1
DA:20,1
DA:23,4
DA:24,4
DA:25,4
DA:26,1
DA:28,3
DA:31,4
DA:33,4
DA:35,0
DA:41,3
DA:43,3
DA:47,3
DA:48,2
DA:49,1
DA:50,1
DA:51,1
DA:52,1
DA:54,1
DA:55,1
DA:57,1
DA:59,1
DA:62,1
DA:66,0
DA:72,2
LF:35
LH:33
BRDA:9,0,0,1
BRDA:9,0,1,5
BRDA:23,1,0,4
BRDA:23,1,1,0
BRDA:25,2,0,1
BRDA:25,2,1,3
BRDA:47,3,0,2
BRDA:47,3,1,1
BRDA:48,4,0,1
BRDA:48,4,1,1
BRF:10
BRH:9
end_of_record
TN:
SF:helpers/jwt.js
FN:3,(anonymous_0)
FN:7,(anonymous_1)
FNF:2
FNH:2
FNDA:2,(anonymous_0)
FNDA:15,(anonymous_1)
DA:1,2
DA:3,2
DA:4,2
DA:7,2
DA:8,15
DA:12,2
LF:6
LH:6
BRF:0
BRH:0
end_of_record
TN:
SF:middlewares/authentication.js
FN:4,(anonymous_0)
FN:12,(anonymous_1)
FNF:2
FNH:2
FNDA:16,(anonymous_0)
FNDA:14,(anonymous_1)
DA:1,2
DA:2,2
DA:4,2
DA:6,16
DA:7,16
DA:9,15
DA:10,15
DA:11,14
DA:13,14
DA:14,14
DA:15,14
DA:19,1
LF:12
LH:12
BRDA:7,0,0,1
BRDA:7,0,1,15
BRDA:13,1,0,14
BRDA:13,1,1,0
BRF:4
BRH:3
end_of_record
TN:
SF:middlewares/error_handler.js
FN:1,(anonymous_0)
FNF:1
FNH:1
FNDA:22,(anonymous_0)
DA:1,2
DA:5,22
DA:7,10
DA:8,10
DA:9,10
DA:11,7
DA:12,7
DA:13,7
DA:15,1
DA:16,1
DA:17,1
DA:19,1
DA:20,1
DA:21,1
DA:23,1
DA:24,1
DA:25,1
DA:31,1
DA:32,1
DA:33,1
DA:35,1
DA:36,1
DA:37,1
DA:39,0
DA:40,0
DA:41,0
DA:43,0
DA:44,0
DA:45,0
DA:49,22
LF:30
LH:24
BRDA:5,0,0,10
BRDA:5,0,1,7
BRDA:5,0,2,1
BRDA:5,0,3,1
BRDA:5,0,4,1
BRDA:5,0,5,1
BRDA:5,0,6,1
BRDA:5,0,7,0
BRDA:5,0,8,0
BRF:9
BRH:7
end_of_record
TN:
SF:models/buzzer.js
FN:5,(anonymous_0)
FN:12,(anonymous_1)
FNF:2
FNH:2
FNDA:2,(anonymous_0)
FNDA:2,(anonymous_1)
DA:4,2
DA:5,2
DA:14,2
DA:17,2
DA:24,2
LF:5
LH:5
BRF:0
BRH:0
end_of_record
TN:
SF:models/connection.js
FN:5,(anonymous_0)
FN:12,(anonymous_1)
FNF:2
FNH:2
FNDA:2,(anonymous_0)
FNDA:2,(anonymous_1)
DA:4,2
DA:5,2
DA:14,2
DA:15,2
DA:18,2
DA:25,2
LF:6
LH:6
BRF:0
BRH:0
end_of_record
TN:
SF:models/device.js
FN:5,(anonymous_0)
FN:12,(anonymous_1)
FNF:2
FNH:2
FNDA:2,(anonymous_0)
FNDA:2,(anonymous_1)
DA:4,2
DA:5,2
DA:14,2
DA:15,2
DA:16,2
DA:19,2
DA:33,2
LF:7
LH:7
BRF:0
BRH:0
end_of_record
TN:
SF:models/history.js
FN:5,(anonymous_0)
FN:12,(anonymous_1)
FNF:2
FNH:2
FNDA:2,(anonymous_0)
FNDA:2,(anonymous_1)
DA:4,2
DA:5,2
DA:14,2
DA:17,2
DA:43,2
LF:5
LH:5
BRF:0
BRH:0
end_of_record
TN:
SF:models/index.js
FN:20,(anonymous_0)
FN:23,(anonymous_1)
FN:28,(anonymous_2)
FNF:3
FNH:3
FNDA:14,(anonymous_0)
FNDA:12,(anonymous_1)
FNDA:12,(anonymous_2)
DA:3,2
DA:4,2
DA:5,2
DA:6,2
DA:7,2
DA:8,2
DA:9,2
DA:12,2
DA:13,0
DA:15,2
DA:18,2
DA:21,14
DA:24,12
DA:25,12
DA:28,2
DA:29,12
DA:30,12
DA:34,2
DA:35,2
DA:37,2
LF:20
LH:19
BRDA:7,0,0,2
BRDA:7,0,1,0
BRDA:12,1,0,0
BRDA:12,1,1,2
BRDA:21,2,0,14
BRDA:21,2,1,14
BRDA:21,2,2,12
BRDA:29,3,0,12
BRDA:29,3,1,0
BRF:9
BRH:6
end_of_record
TN:
SF:models/statusdevice.js
FN:5,(anonymous_0)
FN:12,(anonymous_1)
FNF:2
FNH:2
FNDA:2,(anonymous_0)
FNDA:2,(anonymous_1)
DA:4,2
DA:5,2
DA:16,2
DA:39,2
LF:4
LH:4
BRF:0
BRH:0
end_of_record
TN:
SF:models/user.js
FN:8,(anonymous_0)
FN:15,(anonymous_1)
FN:59,(anonymous_2)
FNF:3
FNH:3
FNDA:2,(anonymous_0)
FNDA:2,(anonymous_1)
FNDA:3,(anonymous_2)
DA:4,2
DA:5,2
DA:6,2
DA:8,2
DA:17,2
DA:20,2
DA:60,3
DA:66,2
LF:8
LH:8
BRF:0
BRH:0
end_of_record
TN:
SF:routes/BuzzerRoute.js
FNF:0
FNH:0
DA:1,2
DA:2,2
DA:3,2
DA:4,2
DA:6,2
DA:7,2
DA:8,2
DA:10,2
LF:8
LH:8
BRF:0
BRH:0
end_of_record
TN:
SF:routes/ConnectionRoute.js
FNF:0
FNH:0
DA:1,2
DA:2,2
DA:3,2
DA:5,2
DA:6,2
DA:8,2
LF:6
LH:6
BRF:0
BRH:0
end_of_record
TN:
SF:routes/DeviceRoute.js
FNF:0
FNH:0
DA:1,2
DA:2,2
DA:3,2
DA:4,2
DA:5,2
DA:7,2
DA:8,2
DA:9,2
DA:10,2
DA:11,2
DA:12,2
DA:15,2
LF:12
LH:12
BRF:0
BRH:0
end_of_record
TN:
SF:routes/HistoryRoute.js
FNF:0
FNH:0
DA:1,2
DA:2,2
DA:4,2
DA:6,2
LF:4
LH:4
BRF:0
BRH:0
end_of_record
TN:
SF:routes/StatusRoute.js
FNF:0
FNH:0
DA:1,2
DA:2,2
DA:4,2
DA:6,2
LF:4
LH:4
BRF:0
BRH:0
end_of_record
TN:
SF:routes/UserRoute.js
FNF:0
FNH:0
DA:1,2
DA:2,2
DA:4,2
DA:5,2
DA:7,2
LF:5
LH:5
BRF:0
BRH:0
end_of_record
TN:
SF:routes/index.js
FN:9,(anonymous_0)
FNF:1
FNH:1
FNDA:1,(anonymous_0)
DA:1,2
DA:2,2
DA:3,2
DA:4,2
DA:5,2
DA:6,2
DA:7,2
DA:9,2
DA:10,1
DA:15,2
DA:16,2
DA:17,2
DA:18,2
DA:19,2
DA:20,2
DA:22,2
LF:16
LH:16
BRF:0
BRH:0
end_of_record
